<?xml version="1.0" encoding="UTF-8"?>
<!-- Generated by org.testng.reporters.JUnitReportReporter -->
<testsuite hostname="Kranthi-Z580" failures="0" tests="1" name="Com.Crm.Tests.Sample" time="1.704" errors="0" timestamp="2022-03-30T17:37:59 IST" skipped="0">
  <testcase classname="Com.Crm.Tests.Sample" name="launchbrowser" time="1.704"/>
  <system-out/>
</testsuite> <!-- Com.Crm.Tests.Sample -->
