<?xml version="1.0" encoding="UTF-8"?>
<!-- Generated by org.testng.reporters.JUnitReportReporter -->
<testsuite hostname="Kranthi-Z580" failures="0" tests="1" name="Com.testng.pac.test1" time="0.011" errors="0" timestamp="2022-04-08T13:43:55 IST" skipped="0">
  <testcase classname="Com.testng.pac.test1" name="test" time="0.011"/>
  <system-out/>
</testsuite> <!-- Com.testng.pac.test1 -->
