<?xml version="1.0" encoding="UTF-8"?>
<!-- Generated by org.testng.reporters.JUnitReportReporter -->
<testsuite skipped="2" hostname="Kranthi-Z580" name="Com.testcases.TC_03CreateContactusingorg" tests="3" failures="0" timestamp="2022-04-19T09:47:56 IST" time="0.001" errors="1">
  <testcase name="createcontactwithorgTest" time="0.000" classname="Com.testcases.TC_03CreateContactusingorg">
    <skipped/>
  </testcase> <!-- createcontactwithorgTest -->
  <system-out/>
  <testcase name="logintoVtiger" time="0.001" classname="Com.testcases.TC_03CreateContactusingorg">
    <error type="java.lang.NoSuchMethodError" message="org.openqa.selenium.support.PageFactory.initElements(Lorg/openqa/selenium/WebDriver;Ljava/lang/Object;)V">
      <![CDATA[java.lang.NoSuchMethodError: org.openqa.selenium.support.PageFactory.initElements(Lorg/openqa/selenium/WebDriver;Ljava/lang/Object;)V
at ObjectRepo.LoginPage.<init>(LoginPage.java:21)
at com.generic.BaseClass.logintoVtiger(BaseClass.java:69)
at sun.reflect.NativeMethodAccessorImpl.invoke0(Native Method)
at sun.reflect.NativeMethodAccessorImpl.invoke(NativeMethodAccessorImpl.java:62)
at sun.reflect.DelegatingMethodAccessorImpl.invoke(DelegatingMethodAccessorImpl.java:43)
at java.lang.reflect.Method.invoke(Method.java:498)
at org.testng.internal.MethodInvocationHelper.invokeMethod(MethodInvocationHelper.java:133)
at org.testng.internal.MethodInvocationHelper.invokeMethodConsideringTimeout(MethodInvocationHelper.java:62)
at org.testng.internal.ConfigInvoker.invokeConfigurationMethod(ConfigInvoker.java:385)
at org.testng.internal.ConfigInvoker.invokeConfigurations(ConfigInvoker.java:321)
at org.testng.internal.TestInvoker.runConfigMethods(TestInvoker.java:700)
at org.testng.internal.TestInvoker.invokeMethod(TestInvoker.java:527)
at org.testng.internal.TestInvoker.invokeTestMethod(TestInvoker.java:173)
at org.testng.internal.MethodRunner.runInSequence(MethodRunner.java:46)
at org.testng.internal.TestInvoker$MethodInvocationAgent.invoke(TestInvoker.java:824)
at org.testng.internal.TestInvoker.invokeTestMethods(TestInvoker.java:146)
at org.testng.internal.TestMethodWorker.invokeTestMethods(TestMethodWorker.java:146)
at org.testng.internal.TestMethodWorker.run(TestMethodWorker.java:128)
at java.util.ArrayList.forEach(ArrayList.java:1259)
at org.testng.TestRunner.privateRun(TestRunner.java:794)
at org.testng.TestRunner.run(TestRunner.java:596)
at org.testng.SuiteRunner.runTest(SuiteRunner.java:377)
at org.testng.SuiteRunner.runSequentially(SuiteRunner.java:371)
at org.testng.SuiteRunner.privateRun(SuiteRunner.java:332)
at org.testng.SuiteRunner.run(SuiteRunner.java:276)
at org.testng.SuiteRunnerWorker.runSuite(SuiteRunnerWorker.java:53)
at org.testng.SuiteRunnerWorker.run(SuiteRunnerWorker.java:96)
at org.testng.TestNG.runSuitesSequentially(TestNG.java:1212)
at org.testng.TestNG.runSuitesLocally(TestNG.java:1134)
at org.testng.TestNG.runSuites(TestNG.java:1063)
at org.testng.TestNG.run(TestNG.java:1031)
at org.testng.remote.AbstractRemoteTestNG.run(AbstractRemoteTestNG.java:115)
at org.testng.remote.RemoteTestNG.initAndRun(RemoteTestNG.java:251)
at org.testng.remote.RemoteTestNG.main(RemoteTestNG.java:77)
]]>
    </error>
  </testcase> <!-- logintoVtiger -->
  <system-out/>
  <testcase name="createcontact" time="0.000" classname="Com.testcases.TC_03CreateContactusingorg">
    <skipped/>
  </testcase> <!-- createcontact -->
  <system-out/>
</testsuite> <!-- Com.testcases.TC_03CreateContactusingorg -->
