<?xml version="1.0" encoding="UTF-8"?>
<!-- Generated by org.testng.reporters.JUnitReportReporter -->
<testsuite hostname="Kranthi-Z580" failures="0" tests="2" name="Practice_pkg.MMD" time="0.019" errors="0" timestamp="2022-04-05T15:32:06 IST" skipped="0">
  <testcase classname="Practice_pkg.MMD" name="dataprovider" time="0.004"/>
  <system-out/>
  <testcase classname="Practice_pkg.MMD" name="dataprovider" time="0.015"/>
  <system-out/>
</testsuite> <!-- Practice_pkg.MMD -->
