<?xml version="1.0" encoding="UTF-8"?>
<!-- Generated by org.testng.reporters.JUnitReportReporter -->
<testsuite skipped="0" hostname="Kranthi-Z580" name="Com.testng.pac.FlipkartPrintAllDropdown" tests="1" failures="0" timestamp="2022-04-12T15:02:35 IST" time="15.894" errors="0">
  <testcase name="flipkartalllist" time="15.894" classname="Com.testng.pac.FlipkartPrintAllDropdown"/>
  <system-out/>
</testsuite> <!-- Com.testng.pac.FlipkartPrintAllDropdown -->
