<?xml version="1.0" encoding="UTF-8"?>
<!-- Generated by org.testng.reporters.JUnitReportReporter -->
<testsuite hostname="Kranthi-Z580" failures="0" tests="9" name="Com.testng.pac.test2" time="0.033" errors="0" timestamp="2022-04-08T15:01:12 IST" skipped="0">
  <testcase classname="Com.testng.pac.test2" name="F" time="0.013"/>
  <system-out/>
  <testcase classname="Com.testng.pac.test2" name="B" time="0.002"/>
  <system-out/>
  <testcase classname="Com.testng.pac.test2" name="A" time="0.002"/>
  <system-out/>
  <testcase classname="Com.testng.pac.test2" name="C" time="0.003"/>
  <system-out/>
  <testcase classname="Com.testng.pac.test2" name="D" time="0.003"/>
  <system-out/>
  <testcase classname="Com.testng.pac.test2" name="E" time="0.003"/>
  <system-out/>
  <testcase classname="Com.testng.pac.test2" name="I" time="0.002"/>
  <system-out/>
  <testcase classname="Com.testng.pac.test2" name="G" time="0.003"/>
  <system-out/>
  <testcase classname="Com.testng.pac.test2" name="H" time="0.002"/>
  <system-out/>
</testsuite> <!-- Com.testng.pac.test2 -->
