<?xml version="1.0" encoding="UTF-8"?>
<!-- Generated by org.testng.reporters.JUnitReportReporter -->
<testsuite hostname="Kranthi-Z580" failures="0" tests="1" name="Com.testng.pac.annotation" time="0.006" errors="0" timestamp="2022-04-08T13:43:55 IST" skipped="0">
  <testcase classname="Com.testng.pac.annotation" name="tc3" time="0.006"/>
  <system-out/>
</testsuite> <!-- Com.testng.pac.annotation -->
