<?xml version="1.0" encoding="UTF-8"?>
<!-- Generated by org.testng.reporters.JUnitReportReporter -->
<testsuite hostname="Kranthi-Z580" failures="0" tests="1" name="Com.Crm.Tests.FlipAmzn" time="80.770" errors="0" timestamp="2022-03-29T18:29:22 IST" skipped="0">
  <testcase classname="Com.Crm.Tests.FlipAmzn" name="Comparingprice" time="80.770"/>
  <system-out/>
</testsuite> <!-- Com.Crm.Tests.FlipAmzn -->
