<?xml version="1.0" encoding="UTF-8"?>
<!-- Generated by org.testng.reporters.JUnitReportReporter -->
<testsuite hostname="Kranthi-Z580" failures="0" tests="1" name="Practice_pkg.AmznCheck" time="41.490" errors="0" timestamp="2022-04-07T10:03:50 IST" skipped="0">
  <testcase classname="Practice_pkg.AmznCheck" name="checklistTest" time="41.490"/>
  <system-out/>
</testsuite> <!-- Practice_pkg.AmznCheck -->
